
PS > 测试
无法将“测试”项识别为 cmdlet、函数、脚本文件或可运行程序的名称。请检查名称的拼写，如果包括路径，请确保路径正确，然后再试一次。

PS > dir
cmd_logger.bat
cmd_logger.ps1
cmd_logger.rar
cmd_logger_clr.bat
cmd_logger_clr.ps1
history.log
history.txt
history_clr.log

PS > python -version

PS > python --version
Python 3.11.0

PS > 123
123

PS > curl -u elastic:BIK8OFmUPQ7=bbj2J2jA "http://localhost:9200/_cat/indices?h=index"
无法处理参数，因为参数名称“u”具有二义性。可能的匹配项包括:  -UseBasicParsing -Uri -UseDefaultCredentials -UserAgent。

PS > 
无法将参数绑定到参数“Command”，因为该参数为空字符串。

PS > curl -u elastic:BIK8OFmUPQ7=bbj2J2jA "http://localhost:9200/_cat/indices?h=index"
无法处理参数，因为参数名称“u”具有二义性。可能的匹配项包括:  -UseBasicParsing -Uri -UseDefaultCredentials -UserAgent。

PS > curl -u elastic:BIK8OFmUPQ7=bbj2J2jA "http://localhost:9200/_cat/indices?h=index"
无法处理参数，因为参数名称“u”具有二义性。可能的匹配项包括:  -UseBasicParsing -Uri -UseDefaultCredentials -UserAgent。

PS > dir
cmd_logger_clr.bat
cmd_logger_clr.bat - 快捷方式.lnk
cmd_logger_clr.ps1
history_clr.log

PS > d:

PS > dir
cmd_logger_clr.bat
cmd_logger_clr.bat - 快捷方式.lnk
cmd_logger_clr.ps1
history_clr.log
